openvpn/build/intermediates/manifest_merge_blame_file/skeletonDebug/processSkeletonDebugManifest/manifest-merger-blame-skeleton-debug-report.txt
1<?xml version="1.0" encoding="utf-8"?>
2<!--
3  ~ Copyright (c) 2012-2019 Arne Schwabe
4  ~ Distributed under the GNU GPL v2 with additional terms. For full terms see the file doc/LICENSE.txt
5-->
6<manifest xmlns:android="http://schemas.android.com/apk/res/android"
7    xmlns:tools="http://schemas.android.com/tools"
8    package="de.blinkt.openvpn" >
9
10    <uses-sdk android:minSdkVersion="26" />
11
12    <uses-permission android:name="android.permission.INTERNET" />
12-->src/main/AndroidManifest.xml:5:5-67
12-->src/main/AndroidManifest.xml:5:22-64
13    <uses-permission android:name="android.permission.ACCESS_NETWORK_STATE" />
13-->src/main/AndroidManifest.xml:6:5-79
13-->src/main/AndroidManifest.xml:6:22-76
14    <uses-permission android:name="android.permission.RECEIVE_BOOT_COMPLETED" />
14-->src/main/AndroidManifest.xml:7:5-81
14-->src/main/AndroidManifest.xml:7:22-78
15    <uses-permission android:name="android.permission.READ_EXTERNAL_STORAGE" />
15-->src/main/AndroidManifest.xml:8:5-80
15-->src/main/AndroidManifest.xml:8:22-77
16    <uses-permission android:name="android.permission.FOREGROUND_SERVICE" />
16-->src/main/AndroidManifest.xml:9:5-77
16-->src/main/AndroidManifest.xml:9:22-74
17    <uses-permission android:name="android.permission.POST_NOTIFICATIONS" />
17-->src/main/AndroidManifest.xml:10:5-77
17-->src/main/AndroidManifest.xml:10:22-74
18    <uses-permission android:name="android.permission.FOREGROUND_SERVICE_SPECIAL_USE" />
18-->src/main/AndroidManifest.xml:11:5-89
18-->src/main/AndroidManifest.xml:11:22-86
19    <!--
20 Used to show all apps in the allowed Apps selection,
21         this app needs the list the app in the allow/deny apps over the VPN
22    -->
23    <uses-permission
23-->src/main/AndroidManifest.xml:15:5-16:57
24        android:name="android.permission.QUERY_ALL_PACKAGES"
24-->src/main/AndroidManifest.xml:15:22-74
25        tools:ignore="QueryAllPackagesPermission" />
25-->src/main/AndroidManifest.xml:16:13-54
26
27    <application
27-->src/main/AndroidManifest.xml:28:5-152:19
28        android:name="de.blinkt.openvpn.core.ICSOpenVPNApplication"
28-->src/main/AndroidManifest.xml:29:9-51
29        android:allowBackup="true"
29-->src/main/AndroidManifest.xml:30:9-35
30        android:appCategory="productivity"
30-->src/main/AndroidManifest.xml:31:9-43
31        android:icon="@mipmap/ic_launcher"
31-->src/main/AndroidManifest.xml:32:9-43
32        android:label="@string/app"
32-->src/main/AndroidManifest.xml:34:9-36
33        android:roundIcon="@mipmap/ic_launcher_round"
33-->src/main/AndroidManifest.xml:33:9-54
34        android:supportsRtl="true"
34-->src/main/AndroidManifest.xml:35:9-35
35        android:theme="@style/blinkt"
35-->src/main/AndroidManifest.xml:36:9-38
36        tools:ignore="AllowBackup,GoogleAppIndexingWarning,UnusedAttribute" >
36-->src/main/AndroidManifest.xml:37:9-39
37        <activity
37-->src/skeleton/AndroidManifest.xml:10:9-13:47
38            android:name="de.blinkt.openvpn.activities.NotImplemented"
38-->src/skeleton/AndroidManifest.xml:12:13-54
39            android:exported="true"
39-->src/skeleton/AndroidManifest.xml:11:17-40
40            tools:ignore="ExportedActivity" />
40-->src/skeleton/AndroidManifest.xml:13:13-44
41
42        <activity-alias
42-->src/skeleton/AndroidManifest.xml:21:9-25:19
43            android:name="de.blinkt.openvpn.activities.Req"
43-->src/skeleton/AndroidManifest.xml:23:17-47
44            android:exported="true"
44-->src/skeleton/AndroidManifest.xml:22:17-40
45            android:targetActivity="de.blinkt.openvpn.activities.NotImplemented" />
45-->src/skeleton/AndroidManifest.xml:24:17-68
46        <activity-alias
46-->src/skeleton/AndroidManifest.xml:15:9-19:15
47            android:name="de.blinkt.openvpn.activities.LogWindow"
47-->src/skeleton/AndroidManifest.xml:17:17-53
48            android:exported="true"
48-->src/skeleton/AndroidManifest.xml:16:17-40
49            android:targetActivity="de.blinkt.openvpn.activities.NotImplemented" />
49-->src/skeleton/AndroidManifest.xml:18:17-68
50
51        <meta-data
51-->src/main/AndroidManifest.xml:38:9-40:56
52            android:name="android.content.APP_RESTRICTIONS"
52-->src/main/AndroidManifest.xml:39:13-60
53            android:resource="@xml/app_restrictions" />
53-->src/main/AndroidManifest.xml:40:13-53
54
55        <activity
55-->src/main/AndroidManifest.xml:42:9-48:52
56            android:name="de.blinkt.openvpn.activities.DisconnectVPN"
56-->src/main/AndroidManifest.xml:43:13-53
57            android:autoRemoveFromRecents="true"
57-->src/main/AndroidManifest.xml:44:13-49
58            android:excludeFromRecents="true"
58-->src/main/AndroidManifest.xml:45:13-46
59            android:noHistory="true"
59-->src/main/AndroidManifest.xml:46:13-37
60            android:taskAffinity=".DisconnectVPN"
60-->src/main/AndroidManifest.xml:47:13-50
61            android:theme="@style/blinkt.dialog" />
61-->src/main/AndroidManifest.xml:48:13-49
62
63        <service
63-->src/main/AndroidManifest.xml:51:9-62:19
64            android:name="de.blinkt.openvpn.core.OpenVPNService"
64-->src/main/AndroidManifest.xml:52:13-48
65            android:exported="true"
65-->src/main/AndroidManifest.xml:53:13-36
66            android:foregroundServiceType="specialUse"
66-->src/main/AndroidManifest.xml:55:13-55
67            android:permission="android.permission.BIND_VPN_SERVICE"
67-->src/main/AndroidManifest.xml:54:13-69
68            android:process=":openvpn" >
68-->src/main/AndroidManifest.xml:56:13-39
69            <intent-filter>
69-->src/main/AndroidManifest.xml:57:13-59:29
70                <action android:name="android.net.VpnService" />
70-->src/main/AndroidManifest.xml:58:17-65
70-->src/main/AndroidManifest.xml:58:25-62
71            </intent-filter>
72
73            <property
73-->src/main/AndroidManifest.xml:60:13-104
74                android:name="android.app.PROPERTY_SPECIAL_USE_FGS_SUBTYPE"
74-->src/main/AndroidManifest.xml:60:23-82
75                android:value="vpn" />
75-->src/main/AndroidManifest.xml:60:83-102
76        </service>
77        <service
77-->src/main/AndroidManifest.xml:63:9-71:19
78            android:name="de.blinkt.openvpn.api.ExternalOpenVPNService"
78-->src/main/AndroidManifest.xml:64:13-55
79            android:exported="true"
79-->src/main/AndroidManifest.xml:66:13-36
80            android:process=":openvpn"
80-->src/main/AndroidManifest.xml:65:13-39
81            tools:ignore="ExportedService" >
81-->src/main/AndroidManifest.xml:67:17-47
82            <intent-filter>
82-->src/main/AndroidManifest.xml:68:13-70:29
83                <action android:name="de.blinkt.openvpn.api.IOpenVPNAPIService" />
83-->src/main/AndroidManifest.xml:69:17-83
83-->src/main/AndroidManifest.xml:69:25-80
84            </intent-filter>
85        </service>
86        <service
86-->src/main/AndroidManifest.xml:72:9-75:42
87            android:name="de.blinkt.openvpn.core.OpenVPNStatusService"
87-->src/main/AndroidManifest.xml:73:13-54
88            android:exported="false"
88-->src/main/AndroidManifest.xml:74:13-37
89            android:process=":openvpn" />
89-->src/main/AndroidManifest.xml:75:13-39
90
91        <activity
91-->src/main/AndroidManifest.xml:77:9-82:20
92            android:name="de.blinkt.openvpn.api.GrantPermissionsActivity"
92-->src/main/AndroidManifest.xml:77:19-63
93            android:exported="true" >
93-->src/main/AndroidManifest.xml:78:17-40
94            <intent-filter>
94-->src/main/AndroidManifest.xml:79:13-81:29
95                <action android:name="android.intent.action.MAIN" />
95-->src/main/AndroidManifest.xml:80:17-69
95-->src/main/AndroidManifest.xml:80:25-66
96            </intent-filter>
97        </activity>
98        <activity
98-->src/main/AndroidManifest.xml:83:9-88:20
99            android:name="de.blinkt.openvpn.api.ConfirmDialog"
99-->src/main/AndroidManifest.xml:83:19-52
100            android:exported="true" >
100-->src/main/AndroidManifest.xml:84:17-40
101            <intent-filter>
101-->src/main/AndroidManifest.xml:79:13-81:29
102                <action android:name="android.intent.action.MAIN" />
102-->src/main/AndroidManifest.xml:80:17-69
102-->src/main/AndroidManifest.xml:80:25-66
103            </intent-filter>
104        </activity>
105
106        <receiver
106-->src/main/AndroidManifest.xml:90:9-96:20
107            android:name="de.blinkt.openvpn.OnBootReceiver"
107-->src/main/AndroidManifest.xml:90:19-49
108            android:exported="true" >
108-->src/main/AndroidManifest.xml:91:17-40
109            <intent-filter android:priority="999" >
109-->src/main/AndroidManifest.xml:92:13-95:29
109-->src/main/AndroidManifest.xml:92:28-50
110                <action android:name="android.intent.action.BOOT_COMPLETED" />
110-->src/main/AndroidManifest.xml:93:17-79
110-->src/main/AndroidManifest.xml:93:25-76
111                <action android:name="android.intent.action.MY_PACKAGE_REPLACED" />
111-->src/main/AndroidManifest.xml:94:17-84
111-->src/main/AndroidManifest.xml:94:25-81
112            </intent-filter>
113        </receiver>
114
115        <service
115-->src/main/AndroidManifest.xml:98:9-101:75
116            android:name="de.blinkt.openvpn.core.keepVPNAlive"
116-->src/main/AndroidManifest.xml:98:18-51
117            android:exported="true"
117-->src/main/AndroidManifest.xml:100:17-40
118            android:permission="android.permission.BIND_JOB_SERVICE"
118-->src/main/AndroidManifest.xml:101:17-73
119            android:process=":openvpn" />
119-->src/main/AndroidManifest.xml:99:17-43
120
121        <activity
121-->src/main/AndroidManifest.xml:104:9-118:20
122            android:name="de.blinkt.openvpn.LaunchVPN"
122-->src/main/AndroidManifest.xml:105:13-38
123            android:autoRemoveFromRecents="true"
123-->src/main/AndroidManifest.xml:106:13-49
124            android:excludeFromRecents="true"
124-->src/main/AndroidManifest.xml:107:13-46
125            android:exported="true"
125-->src/main/AndroidManifest.xml:111:13-36
126            android:label="@string/vpn_launch_title"
126-->src/main/AndroidManifest.xml:108:13-53
127            android:taskAffinity=".LaunchVPN"
127-->src/main/AndroidManifest.xml:109:13-46
128            android:theme="@style/blinkt.dialog" >
128-->src/main/AndroidManifest.xml:110:13-49
129            <intent-filter>
129-->src/main/AndroidManifest.xml:113:13-117:29
130                <action android:name="android.intent.action.MAIN" />
130-->src/main/AndroidManifest.xml:80:17-69
130-->src/main/AndroidManifest.xml:80:25-66
131
132                <category android:name="android.intent.category.DEFAULT" />
132-->src/main/AndroidManifest.xml:116:17-76
132-->src/main/AndroidManifest.xml:116:27-73
133            </intent-filter>
134        </activity>
135        <!--
136        <receiver android:name="core.GetRestrictionReceiver">
137            <intent-filter>
138                <action android:name="android.intent.action.GET_RESTRICTION_ENTRIES" />
139            </intent-filter>
140        </receiver>
141        -->
142        <activity
142-->src/main/AndroidManifest.xml:126:9-133:19
143            android:name="de.blinkt.openvpn.api.RemoteAction"
143-->src/main/AndroidManifest.xml:126:19-51
144            android:autoRemoveFromRecents="true"
144-->src/main/AndroidManifest.xml:128:17-53
145            android:excludeFromRecents="true"
145-->src/main/AndroidManifest.xml:129:17-50
146            android:launchMode="singleInstance"
146-->src/main/AndroidManifest.xml:127:17-52
147            android:noHistory="true"
147-->src/main/AndroidManifest.xml:132:17-41
148            android:taskAffinity=".LaunchVPN"
148-->src/main/AndroidManifest.xml:130:17-50
149            android:theme="@style/blinkt.dialog" />
149-->src/main/AndroidManifest.xml:131:17-53
150
151        <activity-alias
151-->src/main/AndroidManifest.xml:147:9-150:62
152            android:name="de.blinkt.openvpn.api.ResumeVPN"
152-->src/main/AndroidManifest.xml:148:17-46
153            android:exported="true"
153-->src/main/AndroidManifest.xml:149:17-40
154            android:targetActivity="de.blinkt.openvpn.api.RemoteAction" />
154-->src/main/AndroidManifest.xml:150:17-59
155        <activity-alias
155-->src/main/AndroidManifest.xml:143:9-146:62
156            android:name="de.blinkt.openvpn.api.PauseVPN"
156-->src/main/AndroidManifest.xml:144:17-45
157            android:exported="true"
157-->src/main/AndroidManifest.xml:145:17-40
158            android:targetActivity="de.blinkt.openvpn.api.RemoteAction" />
158-->src/main/AndroidManifest.xml:146:17-59
159        <activity-alias
159-->src/main/AndroidManifest.xml:139:9-142:58
160            android:name="de.blinkt.openvpn.api.DisconnectVPN"
160-->src/main/AndroidManifest.xml:140:13-46
161            android:exported="true"
161-->src/main/AndroidManifest.xml:141:13-36
162            android:targetActivity="de.blinkt.openvpn.api.RemoteAction" />
162-->src/main/AndroidManifest.xml:142:13-55
163        <activity-alias
163-->src/main/AndroidManifest.xml:135:9-138:58
164            android:name="de.blinkt.openvpn.api.ConnectVPN"
164-->src/main/AndroidManifest.xml:136:13-43
165            android:exported="true"
165-->src/main/AndroidManifest.xml:137:13-36
166            android:targetActivity="de.blinkt.openvpn.api.RemoteAction" />
166-->src/main/AndroidManifest.xml:138:13-55
167    </application>
168
169</manifest>